2025-06-04 21:10:03,283 - INFO - Starting 8085 Simulator
2025-06-04 21:10:03,433 - INFO - Memory initialized with 64KB space
2025-06-04 21:10:03,433 - INFO - CPU initialized
2025-06-04 21:10:03,434 - INFO - CPU instruction set initialized
2025-06-04 21:10:03,434 - INFO - Assembler initialized
2025-06-04 21:10:03,707 - INFO - GUI initialized
2025-06-04 21:10:31,913 - ERROR - Error at line 7: Unknown instruction: MVI A,#00
2025-06-04 21:10:33,213 - ERROR - Failed to load file C:/PEC-26/PROJECTS/simple8085/assembly_programs/multiplication_example.asm: Unknown instruction: MVI A,#00
2025-06-04 21:10:35,814 - INFO - 8085 Simulator terminated
2025-06-04 21:17:33,403 - INFO - Initializing 8085 Simulator GUI
2025-06-04 21:17:33,570 - INFO - Memory initialized with 64KB space
2025-06-04 21:17:33,570 - INFO - CPU initialized
2025-06-04 21:17:33,571 - INFO - CPU instruction set initialized
2025-06-04 21:17:33,571 - INFO - Initializing 8085 Assembler
2025-06-04 21:17:33,618 - INFO - GUI initialization complete
2025-06-04 21:17:33,618 - INFO - Starting GUI main loop
2025-06-04 21:17:49,189 - INFO - Initializing 8085 Simulator GUI
2025-06-04 21:17:49,332 - INFO - Memory initialized with 64KB space
2025-06-04 21:17:49,333 - INFO - CPU initialized
2025-06-04 21:17:49,333 - INFO - CPU instruction set initialized
2025-06-04 21:17:49,334 - INFO - Initializing 8085 Assembler
2025-06-04 21:17:49,368 - INFO - GUI initialization complete
2025-06-04 21:17:49,368 - INFO - Starting GUI main loop
2025-06-04 21:26:16,816 - INFO - Initializing 8085 Simulator GUI
2025-06-04 21:26:16,967 - INFO - Memory initialized with 64KB space
2025-06-04 21:26:16,968 - INFO - CPU initialized
2025-06-04 21:26:16,968 - INFO - CPU instruction set initialized
2025-06-04 21:26:16,968 - INFO - Initializing 8085 Assembler
2025-06-04 21:26:17,030 - INFO - GUI initialization complete
2025-06-04 21:26:17,031 - INFO - Starting GUI main loop
2025-06-04 21:26:30,684 - INFO - Loaded assembly code from C:/PEC-26/PROJECTS/simple8085/assembly_programs/addition_example.asm
2025-06-04 21:26:41,447 - INFO - Wrote value 25 to address 9000
2025-06-04 21:26:47,144 - INFO - Read value 00 from address 9001
2025-06-04 21:26:50,616 - INFO - Wrote value 15 to address 9001
2025-06-04 21:26:58,895 - INFO - Starting code assembly
2025-06-04 21:26:58,896 - INFO - Starting assembly process
2025-06-04 21:26:58,896 - INFO - Assembly complete - Generated 14 bytes of machine code
2025-06-04 21:26:58,897 - INFO - Assembly successful - 14 bytes loaded
2025-06-04 21:27:01,223 - INFO - Starting program execution
2025-06-04 21:27:01,225 - ERROR - Unknown opcode: 3E at PC: 8000
2025-06-04 21:27:01,226 - ERROR - Runtime error: Unknown opcode: 3E at PC: 8000
2025-06-04 21:27:10,751 - ERROR - Unknown opcode: 00 at PC: 8001
2025-06-04 21:27:10,752 - ERROR - Step execution error: Unknown opcode: 00 at PC: 8001
2025-06-04 21:30:17,679 - INFO - Initializing 8085 Simulator GUI
2025-06-04 21:30:17,874 - INFO - Memory initialized with 64KB space
2025-06-04 21:30:17,875 - INFO - CPU initialized
2025-06-04 21:30:17,876 - INFO - Initializing 8085 Assembler
2025-06-04 21:33:22,024 - INFO - Initializing 8085 Simulator GUI
2025-06-04 21:33:22,179 - INFO - Memory initialized with 64KB space
2025-06-04 21:33:22,180 - INFO - CPU initialized
2025-06-04 21:33:22,180 - INFO - CPU instruction set initialized
2025-06-04 21:33:22,181 - INFO - Initializing 8085 Assembler
2025-06-04 21:33:22,249 - INFO - GUI initialization complete
2025-06-04 21:33:22,250 - INFO - Starting GUI main loop
2025-06-04 21:33:32,867 - INFO - Loaded assembly code from C:/PEC-26/PROJECTS/simple8085/assembly_programs/addition_example.asm
2025-06-04 21:33:37,019 - INFO - Wrote value 25 to address 9000
2025-06-04 21:33:41,971 - INFO - Read value 00 from address 9001
2025-06-04 21:33:44,483 - INFO - Wrote value 15 to address 9001
2025-06-04 21:33:45,780 - INFO - Starting code assembly
2025-06-04 21:33:45,780 - INFO - Starting assembly process
2025-06-04 21:33:45,782 - INFO - Assembly complete - Generated 14 bytes of machine code
2025-06-04 21:33:45,782 - INFO - Assembly successful - 14 bytes loaded
2025-06-04 21:33:47,683 - INFO - Starting program execution
2025-06-04 21:33:47,684 - ERROR - Runtime error: 'dict' object has no attribute 'A' and no __dict__ for setting new attributes
2025-06-04 21:34:36,766 - INFO - Initializing 8085 Simulator GUI
2025-06-04 21:34:36,910 - INFO - Memory initialized with 64KB space
2025-06-04 21:34:36,911 - INFO - CPU initialized
2025-06-04 21:34:36,911 - INFO - CPU instruction set initialized
2025-06-04 21:34:36,912 - INFO - Initializing 8085 Assembler
2025-06-04 21:34:36,980 - INFO - GUI initialization complete
2025-06-04 21:34:36,981 - INFO - Starting GUI main loop
2025-06-04 21:34:42,476 - INFO - Loaded assembly code from C:/PEC-26/PROJECTS/simple8085/assembly_programs/addition_example.asm
2025-06-04 21:34:46,794 - INFO - Wrote value 25 to address 9000
2025-06-04 21:34:51,002 - INFO - Read value 00 from address 9001
2025-06-04 21:34:54,227 - INFO - Wrote value 15 to address 9001
2025-06-04 21:34:56,394 - INFO - Read value 25 from address 9000
2025-06-04 21:34:58,522 - INFO - Starting code assembly
2025-06-04 21:34:58,523 - INFO - Starting assembly process
2025-06-04 21:34:58,524 - INFO - Assembly complete - Generated 14 bytes of machine code
2025-06-04 21:34:58,524 - INFO - Assembly successful - 14 bytes loaded
2025-06-04 21:34:59,202 - INFO - Starting program execution
2025-06-04 21:34:59,305 - ERROR - Runtime error: 'dict' object has no attribute 'A' and no __dict__ for setting new attributes
2025-06-04 21:37:22,710 - INFO - Initializing 8085 Simulator GUI
2025-06-04 21:37:22,868 - INFO - Memory initialized with 64KB space
2025-06-04 21:37:22,869 - INFO - CPU initialized
2025-06-04 21:37:22,869 - INFO - CPU instruction set initialized
2025-06-04 21:37:22,870 - INFO - Initializing 8085 Assembler
2025-06-04 21:37:22,935 - INFO - GUI initialization complete
2025-06-04 21:37:22,936 - INFO - Starting GUI main loop
2025-06-04 21:37:42,115 - INFO - Initializing 8085 Simulator GUI
2025-06-04 21:37:42,264 - INFO - Memory initialized with 64KB space
2025-06-04 21:37:42,265 - INFO - CPU initialized
2025-06-04 21:37:42,265 - INFO - CPU instruction set initialized
2025-06-04 21:37:42,266 - INFO - Initializing 8085 Assembler
2025-06-04 21:37:42,332 - INFO - GUI initialization complete
2025-06-04 21:37:42,333 - INFO - Starting GUI main loop
2025-06-04 21:37:49,241 - INFO - Loaded assembly code from C:/PEC-26/PROJECTS/simple8085/assembly_programs/addition_example.asm
2025-06-04 21:37:51,880 - INFO - Wrote value 25 to address 9000
2025-06-04 21:37:54,664 - INFO - Read value 00 from address 9001
2025-06-04 21:37:57,440 - INFO - Wrote value 15 to address 9001
2025-06-04 21:37:58,760 - INFO - Starting code assembly
2025-06-04 21:37:58,760 - INFO - Starting assembly process
2025-06-04 21:37:58,761 - INFO - Assembly complete - Generated 14 bytes of machine code
2025-06-04 21:37:58,762 - INFO - Assembly successful - 14 bytes loaded
2025-06-04 21:37:59,688 - INFO - Starting program execution
2025-06-04 21:37:59,791 - ERROR - Runtime error: 'CPU' object has no attribute '_lda'
2025-06-04 21:40:19,901 - INFO - Initializing 8085 Simulator GUI
2025-06-04 21:40:20,078 - INFO - Memory initialized with 64KB space
2025-06-04 21:40:20,079 - INFO - CPU initialized
2025-06-04 21:40:20,079 - INFO - CPU instruction set initialized
2025-06-04 21:40:20,080 - INFO - Initializing 8085 Assembler
2025-06-04 21:40:20,149 - INFO - GUI initialization complete
2025-06-04 21:40:20,150 - INFO - Starting GUI main loop
2025-06-04 21:41:14,469 - INFO - Wrote value 25 to address 9000
2025-06-04 21:41:21,822 - INFO - Wrote value 15 to address 9001
2025-06-04 21:41:31,358 - INFO - Loaded assembly code from C:/PEC-26/PROJECTS/simple8085/assembly_programs/addition_example.asm
2025-06-04 21:41:38,077 - INFO - Read value 25 from address 9000
2025-06-04 21:41:42,925 - INFO - Starting code assembly
2025-06-04 21:41:42,925 - INFO - Starting assembly process
2025-06-04 21:41:42,926 - INFO - Assembly complete - Generated 14 bytes of machine code
2025-06-04 21:41:42,926 - INFO - Assembly successful - 14 bytes loaded
2025-06-04 21:41:44,333 - INFO - Starting program execution
2025-06-04 21:41:45,041 - INFO - Program halted
2025-06-04 21:41:59,117 - INFO - Resetting CPU
2025-06-04 21:41:59,118 - INFO - CPU initialized
2025-06-04 21:41:59,118 - INFO - CPU instruction set initialized
2025-06-04 21:42:27,221 - INFO - Read value 2A from address 9002
2025-06-04 21:44:56,856 - INFO - Initializing 8085 Simulator GUI
2025-06-04 21:44:57,003 - INFO - Memory initialized with 64KB space
2025-06-04 21:44:57,004 - INFO - CPU initialized
2025-06-04 21:44:57,005 - INFO - CPU instruction set initialized
2025-06-04 21:44:57,005 - INFO - Initializing 8085 Assembler
2025-06-04 21:44:57,057 - INFO - GUI initialization complete
2025-06-04 21:44:57,058 - INFO - Starting GUI main loop
2025-06-04 21:45:01,283 - INFO - Wrote value 25 to address 9000
2025-06-04 21:45:05,476 - INFO - Wrote value 15 to address 9001
2025-06-04 21:45:10,892 - INFO - Loaded assembly code from C:/PEC-26/PROJECTS/simple8085/assembly_programs/addition_example.asm
2025-06-04 21:45:12,859 - INFO - Starting code assembly
2025-06-04 21:45:12,860 - INFO - Starting assembly process
2025-06-04 21:45:12,861 - INFO - Assembly complete - Generated 14 bytes of machine code
2025-06-04 21:45:12,862 - INFO - Assembly successful - 14 bytes loaded
2025-06-04 21:47:00,509 - INFO - Initializing 8085 Simulator GUI
2025-06-04 21:47:00,670 - INFO - Memory initialized with 64KB space
2025-06-04 21:47:00,671 - INFO - CPU initialized
2025-06-04 21:47:00,671 - INFO - CPU instruction set initialized
2025-06-04 21:47:00,671 - INFO - Initializing 8085 Assembler
2025-06-04 21:47:00,741 - INFO - GUI initialization complete
2025-06-04 21:47:00,742 - INFO - Starting GUI main loop
2025-06-04 21:47:04,690 - INFO - Wrote value 25 to address 9000
2025-06-04 21:47:09,218 - INFO - Wrote value 15 to address 9001
2025-06-04 21:47:13,228 - INFO - Loaded assembly code from C:/PEC-26/PROJECTS/simple8085/assembly_programs/addition_example.asm
2025-06-04 21:47:13,921 - INFO - Starting code assembly
2025-06-04 21:47:13,922 - INFO - Starting assembly process
2025-06-04 21:47:13,923 - INFO - Assembly complete - Generated 14 bytes of machine code
2025-06-04 21:47:13,924 - INFO - Assembly successful - 14 bytes loaded
2025-06-04 21:47:14,938 - INFO - Starting program execution
2025-06-04 21:47:15,646 - INFO - Program halted
2025-06-04 21:47:46,937 - INFO - Wrote value 03 to address 9000
2025-06-04 21:47:50,065 - INFO - Read value 15 from address 9001
2025-06-04 21:47:54,153 - INFO - Wrote value 04 to address 9001
2025-06-04 21:47:55,249 - INFO - Starting code assembly
2025-06-04 21:47:55,249 - INFO - Starting assembly process
2025-06-04 21:47:55,250 - INFO - Assembly complete - Generated 14 bytes of machine code
2025-06-04 21:47:55,251 - INFO - Assembly successful - 14 bytes loaded
2025-06-04 21:47:56,474 - INFO - Starting program execution
2025-06-04 21:47:56,476 - INFO - Program halted
2025-06-04 21:47:58,929 - INFO - Resetting CPU
2025-06-04 21:47:58,930 - INFO - CPU initialized
2025-06-04 21:47:58,930 - INFO - CPU instruction set initialized
2025-06-04 21:47:59,769 - INFO - Starting program execution
2025-06-04 21:48:00,477 - INFO - Program halted
2025-06-04 21:49:11,036 - INFO - Initializing 8085 Simulator GUI
2025-06-04 21:49:11,184 - INFO - Memory initialized with 64KB space
2025-06-04 21:49:11,185 - INFO - CPU initialized
2025-06-04 21:49:11,185 - INFO - CPU instruction set initialized
2025-06-04 21:49:11,186 - INFO - Initializing 8085 Assembler
2025-06-04 21:49:11,249 - INFO - GUI initialization complete
2025-06-04 21:49:11,250 - INFO - Starting GUI main loop
2025-06-04 21:49:15,064 - INFO - Wrote value 25 to address 9000
2025-06-04 21:49:18,729 - INFO - Wrote value 15 to address 9001
2025-06-04 21:49:23,061 - INFO - Loaded assembly code from C:/PEC-26/PROJECTS/simple8085/assembly_programs/addition_example.asm
2025-06-04 21:49:24,369 - INFO - Starting code assembly
2025-06-04 21:49:24,370 - INFO - Starting assembly process
2025-06-04 21:49:24,371 - INFO - Assembly complete - Generated 14 bytes of machine code
2025-06-04 21:49:24,372 - INFO - Assembly successful - 14 bytes loaded
2025-06-04 21:49:37,256 - INFO - Attempted step while CPU halted
2025-06-04 21:49:37,519 - INFO - Attempted step while CPU halted
2025-06-04 21:49:44,375 - INFO - Resetting CPU
2025-06-04 21:49:44,376 - INFO - CPU initialized
2025-06-04 21:49:44,377 - INFO - CPU instruction set initialized
2025-06-04 21:49:45,520 - INFO - Starting program execution
2025-06-04 21:49:46,229 - INFO - Program halted
2025-06-04 21:50:21,092 - INFO - Initializing 8085 Simulator GUI
2025-06-04 21:50:21,230 - INFO - Memory initialized with 64KB space
2025-06-04 21:50:21,230 - INFO - CPU initialized
2025-06-04 21:50:21,231 - INFO - CPU instruction set initialized
2025-06-04 21:50:21,231 - INFO - Initializing 8085 Assembler
2025-06-04 21:50:21,277 - INFO - GUI initialization complete
2025-06-04 21:50:21,277 - INFO - Starting GUI main loop
2025-06-04 21:50:26,367 - INFO - Loaded assembly code from C:/PEC-26/PROJECTS/simple8085/assembly_programs/addition_example.asm
2025-06-04 21:50:28,232 - INFO - Wrote value 25 to address 9000
2025-06-04 21:50:32,383 - INFO - Wrote value 15 to address 9001
2025-06-04 21:50:33,727 - INFO - Starting code assembly
2025-06-04 21:50:33,728 - INFO - Starting assembly process
2025-06-04 21:50:33,728 - INFO - Assembly complete - Generated 14 bytes of machine code
2025-06-04 21:50:33,729 - INFO - Assembly successful - 14 bytes loaded
2025-06-04 21:50:34,247 - INFO - Starting program execution
2025-06-04 21:50:34,955 - INFO - Program halted
2025-06-04 21:50:46,521 - INFO - Initializing 8085 Simulator GUI
2025-06-04 21:50:46,703 - INFO - Memory initialized with 64KB space
2025-06-04 21:50:46,703 - INFO - CPU initialized
2025-06-04 21:50:46,704 - INFO - CPU instruction set initialized
2025-06-04 21:50:46,705 - INFO - Initializing 8085 Assembler
2025-06-04 21:50:46,788 - INFO - GUI initialization complete
2025-06-04 21:50:46,788 - INFO - Starting GUI main loop
2025-06-04 21:50:52,493 - INFO - Loaded assembly code from C:/PEC-26/PROJECTS/simple8085/assembly_programs/subtraction_example.asm
2025-06-04 21:51:01,695 - INFO - Wrote value 15 to address 9000
2025-06-04 21:51:06,087 - INFO - Wrote value 25 to address 9001
2025-06-04 21:51:07,535 - INFO - Starting code assembly
2025-06-04 21:51:07,536 - INFO - Starting assembly process
2025-06-04 21:51:07,536 - INFO - Assembly complete - Generated 14 bytes of machine code
2025-06-04 21:51:07,537 - INFO - Assembly successful - 14 bytes loaded
2025-06-04 21:51:09,367 - INFO - Starting program execution
2025-06-04 21:51:10,076 - INFO - Program halted
2025-06-04 21:51:18,658 - INFO - Initializing 8085 Simulator GUI
2025-06-04 21:51:18,806 - INFO - Memory initialized with 64KB space
2025-06-04 21:51:18,806 - INFO - CPU initialized
2025-06-04 21:51:18,807 - INFO - CPU instruction set initialized
2025-06-04 21:51:18,807 - INFO - Initializing 8085 Assembler
2025-06-04 21:51:18,876 - INFO - GUI initialization complete
2025-06-04 21:51:18,876 - INFO - Starting GUI main loop
2025-06-04 21:51:26,035 - INFO - Loaded assembly code from C:/PEC-26/PROJECTS/simple8085/assembly_programs/multiplication_example.asm
2025-06-04 21:51:30,423 - INFO - Wrote value 05 to address 9000
2025-06-04 21:51:35,151 - INFO - Wrote value 03 to address 9001
2025-06-04 21:51:36,206 - INFO - Starting code assembly
2025-06-04 21:51:36,207 - INFO - Starting assembly process
2025-06-04 21:51:36,208 - INFO - Assembly complete - Generated 21 bytes of machine code
2025-06-04 21:51:36,208 - INFO - Assembly successful - 21 bytes loaded
2025-06-04 21:51:38,919 - INFO - Starting program execution
2025-06-04 21:51:39,628 - ERROR - Unknown opcode: 0D at PC: 800D
2025-06-04 21:51:39,629 - ERROR - Runtime error: Unknown opcode: 0D at PC: 800D
2025-06-04 21:52:50,117 - INFO - Initializing 8085 Simulator GUI
2025-06-04 21:52:50,268 - INFO - Memory initialized with 64KB space
2025-06-04 21:52:50,269 - INFO - CPU initialized
2025-06-04 21:52:50,269 - INFO - CPU instruction set initialized
2025-06-04 21:52:50,270 - INFO - Initializing 8085 Assembler
2025-06-04 21:52:50,323 - INFO - GUI initialization complete
2025-06-04 21:52:50,323 - INFO - Starting GUI main loop
2025-06-04 21:52:55,995 - INFO - Loaded assembly code from C:/PEC-26/PROJECTS/simple8085/assembly_programs/multiplication_example.asm
2025-06-04 21:52:59,622 - INFO - Wrote value 05 to address 9000
2025-06-04 21:53:03,189 - INFO - Wrote value 03 to address 9001
2025-06-04 21:53:05,790 - INFO - Starting code assembly
2025-06-04 21:53:05,791 - INFO - Starting assembly process
2025-06-04 21:53:05,791 - INFO - Assembly complete - Generated 21 bytes of machine code
2025-06-04 21:53:05,792 - INFO - Assembly successful - 21 bytes loaded
2025-06-04 21:53:31,421 - INFO - Attempted step while CPU halted
2025-06-04 21:53:31,597 - INFO - Attempted step while CPU halted
2025-06-04 21:53:31,813 - INFO - Attempted step while CPU halted
2025-06-04 21:53:31,997 - INFO - Attempted step while CPU halted
2025-06-04 21:53:32,197 - INFO - Attempted step while CPU halted
2025-06-04 21:53:34,334 - INFO - Attempted step while CPU halted
2025-06-04 21:53:34,685 - INFO - Attempted step while CPU halted
2025-06-04 21:53:34,861 - INFO - Attempted step while CPU halted
2025-06-04 21:53:35,046 - INFO - Attempted step while CPU halted
2025-06-04 21:53:35,213 - INFO - Attempted step while CPU halted
2025-06-04 21:54:30,309 - INFO - Read value 0F from address 9002
2025-06-04 21:54:43,509 - INFO - Read value 05 from address 9000
2025-06-04 21:54:46,597 - INFO - Wrote value 03 to address 9000
2025-06-04 21:54:50,044 - INFO - Read value 03 from address 9001
2025-06-04 21:54:51,036 - INFO - Wrote value 03 to address 9001
2025-06-04 21:54:52,292 - INFO - Starting code assembly
2025-06-04 21:54:52,293 - INFO - Starting assembly process
2025-06-04 21:54:52,294 - INFO - Assembly complete - Generated 21 bytes of machine code
2025-06-04 21:54:52,295 - INFO - Assembly successful - 21 bytes loaded
2025-06-04 21:54:53,677 - INFO - Starting program execution
2025-06-04 21:54:53,679 - INFO - Program halted
2025-06-04 21:54:55,212 - INFO - Resetting CPU
2025-06-04 21:54:55,213 - INFO - CPU initialized
2025-06-04 21:54:55,213 - INFO - CPU instruction set initialized
2025-06-04 21:54:56,404 - INFO - Starting program execution
2025-06-04 21:54:58,121 - INFO - Program halted
2025-06-04 21:55:11,581 - INFO - Initializing 8085 Simulator GUI
2025-06-04 21:55:11,728 - INFO - Memory initialized with 64KB space
2025-06-04 21:55:11,729 - INFO - CPU initialized
2025-06-04 21:55:11,729 - INFO - CPU instruction set initialized
2025-06-04 21:55:11,731 - INFO - Initializing 8085 Assembler
2025-06-04 21:55:11,818 - INFO - GUI initialization complete
2025-06-04 21:55:11,819 - INFO - Starting GUI main loop
2025-06-04 21:55:18,965 - INFO - Loaded assembly code from C:/PEC-26/PROJECTS/simple8085/assembly_programs/multiplication_example.asm
2025-06-04 21:55:24,804 - INFO - Wrote value 05 to address 9000
2025-06-04 21:55:27,644 - INFO - Read value 00 from address 9001
2025-06-04 21:55:30,572 - INFO - Wrote value 03 to address 9001
2025-06-04 21:55:32,187 - INFO - Starting code assembly
2025-06-04 21:55:32,188 - INFO - Starting assembly process
2025-06-04 21:55:32,189 - INFO - Assembly complete - Generated 21 bytes of machine code
2025-06-04 21:55:32,189 - INFO - Assembly successful - 21 bytes loaded
2025-06-04 21:55:34,236 - INFO - Starting program execution
2025-06-04 21:55:36,563 - INFO - Program halted
2025-06-04 21:55:39,108 - INFO - Resetting CPU
2025-06-04 21:55:39,109 - INFO - CPU initialized
2025-06-04 21:55:39,109 - INFO - CPU instruction set initialized
2025-06-04 22:00:15,847 - INFO - Initializing 8085 Simulator GUI
2025-06-04 22:00:15,947 - INFO - Memory initialized with 64KB space
2025-06-04 22:00:15,948 - INFO - CPU initialized
2025-06-04 22:00:15,949 - INFO - CPU instruction set initialized
2025-06-04 22:00:15,949 - INFO - Initializing 8085 Assembler
2025-06-04 22:00:15,974 - INFO - GUI initialization complete
2025-06-04 22:00:15,974 - INFO - Starting GUI main loop
2025-06-04 22:00:20,684 - INFO - Loaded assembly code from C:/PEC-26/PROJECTS/simple8085/assembly_programs/multiplication_example.asm
2025-06-04 22:00:23,264 - INFO - Wrote value 05 to address 9000
2025-06-04 22:00:27,704 - INFO - Wrote value 03 to address 9001
2025-06-04 22:00:28,960 - INFO - Starting code assembly
2025-06-04 22:00:28,960 - INFO - Starting assembly process
2025-06-04 22:00:28,961 - INFO - Assembly complete - Generated 21 bytes of machine code
2025-06-04 22:00:28,961 - INFO - Assembly successful - 21 bytes loaded
2025-06-04 22:00:50,712 - INFO - Attempted step while CPU halted
2025-06-04 22:00:50,864 - INFO - Attempted step while CPU halted
2025-06-04 22:00:51,032 - INFO - Attempted step while CPU halted
2025-06-04 22:00:51,208 - INFO - Attempted step while CPU halted
2025-06-04 22:00:51,376 - INFO - Attempted step while CPU halted
2025-06-04 22:00:56,153 - INFO - Read value 0F from address 9002
2025-06-04 22:01:01,616 - INFO - Initializing 8085 Simulator GUI
2025-06-04 22:01:01,776 - INFO - Memory initialized with 64KB space
2025-06-04 22:01:01,777 - INFO - CPU initialized
2025-06-04 22:01:01,777 - INFO - CPU instruction set initialized
2025-06-04 22:01:01,778 - INFO - Initializing 8085 Assembler
2025-06-04 22:01:01,846 - INFO - GUI initialization complete
2025-06-04 22:01:01,846 - INFO - Starting GUI main loop
2025-06-04 22:01:14,570 - INFO - Loaded assembly code from C:/PEC-26/PROJECTS/simple8085/assembly_programs/divide_example.asm
2025-06-04 22:01:31,976 - INFO - Read value 00 from address 9000
2025-06-04 22:01:35,151 - INFO - Read value 00 from address 9000
2025-06-04 22:01:36,823 - INFO - Starting code assembly
2025-06-04 22:01:36,824 - INFO - Starting assembly process
2025-06-04 22:01:36,825 - INFO - Assembly complete - Generated 20 bytes of machine code
2025-06-04 22:01:36,825 - INFO - Assembly successful - 20 bytes loaded
2025-06-04 22:02:02,255 - ERROR - Unknown opcode: 0C at PC: 800B
2025-06-04 22:02:02,256 - ERROR - Step execution error: Unknown opcode: 0C at PC: 800B
2025-06-04 22:03:16,793 - INFO - Initializing 8085 Simulator GUI
2025-06-04 22:03:16,944 - INFO - Memory initialized with 64KB space
2025-06-04 22:03:16,945 - INFO - CPU initialized
2025-06-04 22:03:16,945 - INFO - CPU instruction set initialized
2025-06-04 22:03:16,946 - INFO - Initializing 8085 Assembler
2025-06-04 22:03:17,010 - INFO - GUI initialization complete
2025-06-04 22:03:17,011 - INFO - Starting GUI main loop
2025-06-04 22:03:23,587 - INFO - Loaded assembly code from C:/PEC-26/PROJECTS/simple8085/assembly_programs/divide_example.asm
2025-06-04 22:03:29,998 - INFO - Starting code assembly
2025-06-04 22:03:29,999 - INFO - Starting assembly process
2025-06-04 22:03:30,000 - INFO - Assembly complete - Generated 20 bytes of machine code
2025-06-04 22:03:30,000 - INFO - Assembly successful - 20 bytes loaded
2025-06-04 22:03:31,254 - INFO - Starting program execution
2025-06-04 22:03:31,862 - ERROR - Unknown opcode: 0C at PC: 800B
2025-06-04 22:03:31,863 - ERROR - Runtime error: Unknown opcode: 0C at PC: 800B
2025-06-04 22:04:03,961 - INFO - Initializing 8085 Simulator GUI
2025-06-04 22:04:04,118 - INFO - Memory initialized with 64KB space
2025-06-04 22:04:04,119 - INFO - CPU initialized
2025-06-04 22:04:04,119 - INFO - CPU instruction set initialized
2025-06-04 22:04:04,119 - INFO - Initializing 8085 Assembler
2025-06-04 22:04:04,183 - INFO - GUI initialization complete
2025-06-04 22:04:04,183 - INFO - Starting GUI main loop
2025-06-04 22:04:09,336 - INFO - Loaded assembly code from C:/PEC-26/PROJECTS/simple8085/assembly_programs/divide_example.asm
2025-06-04 22:04:11,382 - INFO - Starting code assembly
2025-06-04 22:04:11,383 - INFO - Starting assembly process
2025-06-04 22:04:11,384 - INFO - Assembly complete - Generated 20 bytes of machine code
2025-06-04 22:04:11,385 - INFO - Assembly successful - 20 bytes loaded
2025-06-04 22:04:13,814 - INFO - Starting program execution
2025-06-04 22:04:39,596 - INFO - Initializing 8085 Simulator GUI
2025-06-04 22:04:39,753 - INFO - Memory initialized with 64KB space
2025-06-04 22:04:39,753 - INFO - CPU initialized
2025-06-04 22:04:39,754 - INFO - CPU instruction set initialized
2025-06-04 22:04:39,754 - INFO - Initializing 8085 Assembler
2025-06-04 22:04:39,835 - INFO - GUI initialization complete
2025-06-04 22:04:39,836 - INFO - Starting GUI main loop
2025-06-04 22:04:45,109 - INFO - Loaded assembly code from C:/PEC-26/PROJECTS/simple8085/assembly_programs/divide_example.asm
2025-06-04 22:05:47,132 - INFO - Initializing 8085 Simulator GUI
2025-06-04 22:05:47,314 - INFO - Memory initialized with 64KB space
2025-06-04 22:05:47,315 - INFO - CPU initialized
2025-06-04 22:05:47,315 - INFO - CPU instruction set initialized
2025-06-04 22:05:47,316 - INFO - Initializing 8085 Assembler
2025-06-04 22:05:47,404 - INFO - GUI initialization complete
2025-06-04 22:05:47,404 - INFO - Starting GUI main loop
2025-06-04 22:05:52,197 - INFO - Loaded assembly code from C:/PEC-26/PROJECTS/simple8085/assembly_programs/divide_example.asm
2025-06-04 22:05:54,237 - INFO - Starting code assembly
2025-06-04 22:05:54,238 - INFO - Starting assembly process
2025-06-04 22:05:54,239 - INFO - Assembly complete - Generated 20 bytes of machine code
2025-06-04 22:05:54,239 - INFO - Assembly successful - 20 bytes loaded
2025-06-04 22:06:23,556 - INFO - Resetting CPU
2025-06-04 22:06:23,557 - INFO - CPU initialized
2025-06-04 22:06:23,558 - INFO - CPU instruction set initialized
2025-06-04 22:06:24,293 - INFO - Starting program execution
2025-06-04 22:07:06,605 - INFO - Initializing 8085 Simulator GUI
2025-06-04 22:07:06,793 - INFO - Memory initialized with 64KB space
2025-06-04 22:07:06,793 - INFO - CPU initialized
2025-06-04 22:07:06,794 - INFO - CPU instruction set initialized
2025-06-04 22:07:06,794 - INFO - Initializing 8085 Assembler
2025-06-04 22:07:06,877 - INFO - GUI initialization complete
2025-06-04 22:07:06,878 - INFO - Starting GUI main loop
2025-06-04 22:07:11,462 - INFO - Loaded assembly code from C:/PEC-26/PROJECTS/simple8085/assembly_programs/divide_example.asm
2025-06-04 22:07:12,051 - INFO - Starting code assembly
2025-06-04 22:07:12,052 - INFO - Starting assembly process
2025-06-04 22:07:12,053 - INFO - Assembly complete - Generated 20 bytes of machine code
2025-06-04 22:07:12,053 - INFO - Assembly successful - 20 bytes loaded
2025-06-04 22:07:13,068 - INFO - Starting program execution
2025-06-04 22:08:39,534 - INFO - Initializing 8085 Simulator GUI
2025-06-04 22:08:39,682 - INFO - Memory initialized with 64KB space
2025-06-04 22:08:39,682 - INFO - CPU initialized
2025-06-04 22:08:39,683 - INFO - CPU instruction set initialized
2025-06-04 22:08:39,683 - INFO - Initializing 8085 Assembler
2025-06-04 22:08:39,746 - INFO - GUI initialization complete
2025-06-04 22:08:39,746 - INFO - Starting GUI main loop
2025-06-04 22:08:45,461 - INFO - Loaded assembly code from C:/PEC-26/PROJECTS/simple8085/assembly_programs/divide_example.asm
2025-06-04 22:08:46,340 - INFO - Starting code assembly
2025-06-04 22:08:46,341 - INFO - Starting assembly process
2025-06-04 22:08:46,341 - INFO - Assembly complete - Generated 20 bytes of machine code
2025-06-04 22:08:46,342 - INFO - Assembly successful - 20 bytes loaded
2025-06-04 22:08:46,946 - INFO - Starting program execution
2025-06-04 22:09:50,725 - INFO - Initializing 8085 Simulator GUI
2025-06-04 22:09:50,872 - INFO - Memory initialized with 64KB space
2025-06-04 22:09:50,872 - INFO - CPU initialized
2025-06-04 22:09:50,872 - INFO - CPU instruction set initialized
2025-06-04 22:09:50,873 - INFO - Initializing 8085 Assembler
2025-06-04 22:09:50,931 - INFO - GUI initialization complete
2025-06-04 22:09:50,932 - INFO - Starting GUI main loop
2025-06-04 22:09:55,952 - INFO - Loaded assembly code from C:/PEC-26/PROJECTS/simple8085/assembly_programs/divide_example.asm
2025-06-04 22:09:56,305 - INFO - Starting code assembly
2025-06-04 22:09:56,306 - INFO - Starting assembly process
2025-06-04 22:09:56,307 - INFO - Assembly complete - Generated 20 bytes of machine code
2025-06-04 22:09:56,307 - INFO - Assembly successful - 20 bytes loaded
2025-06-04 22:09:57,418 - INFO - Starting program execution
2025-06-04 22:11:46,625 - INFO - Initializing 8085 Simulator GUI
2025-06-04 22:11:46,776 - INFO - Memory initialized with 64KB space
2025-06-04 22:11:46,776 - INFO - CPU initialized
2025-06-04 22:11:46,777 - INFO - CPU instruction set initialized
2025-06-04 22:11:46,777 - INFO - Initializing 8085 Assembler
2025-06-04 22:11:46,841 - INFO - GUI initialization complete
2025-06-04 22:11:46,842 - INFO - Starting GUI main loop
2025-06-04 22:11:52,299 - INFO - Loaded assembly code from C:/PEC-26/PROJECTS/simple8085/assembly_programs/divide_example.asm
2025-06-04 22:13:30,902 - INFO - Initializing 8085 Simulator GUI
2025-06-04 22:13:31,053 - INFO - Memory initialized with 64KB space
2025-06-04 22:13:31,054 - INFO - CPU initialized
2025-06-04 22:13:31,054 - INFO - CPU instruction set initialized
2025-06-04 22:13:31,055 - INFO - Initializing 8085 Assembler
2025-06-04 22:13:31,118 - INFO - GUI initialization complete
2025-06-04 22:13:31,120 - INFO - Starting GUI main loop
2025-06-04 22:13:35,978 - INFO - Loaded assembly code from C:/PEC-26/PROJECTS/simple8085/assembly_programs/divide_example.asm
2025-06-04 22:13:38,487 - INFO - Starting code assembly
2025-06-04 22:13:38,487 - INFO - Starting assembly process
2025-06-04 22:13:38,488 - INFO - Assembly complete - Generated 20 bytes of machine code
2025-06-04 22:13:38,489 - INFO - Assembly successful - 20 bytes loaded
2025-06-04 22:13:40,918 - INFO - Starting program execution
2025-06-04 22:14:35,134 - INFO - Initializing 8085 Simulator GUI
2025-06-04 22:14:35,312 - INFO - Memory initialized with 64KB space
2025-06-04 22:14:35,312 - INFO - CPU initialized
2025-06-04 22:14:35,313 - INFO - CPU instruction set initialized
2025-06-04 22:14:35,313 - INFO - Initializing 8085 Assembler
2025-06-04 22:14:35,386 - INFO - GUI initialization complete
2025-06-04 22:14:35,386 - INFO - Starting GUI main loop
2025-06-04 22:14:44,392 - INFO - Loaded assembly code from C:/PEC-26/PROJECTS/simple8085/assembly_programs/divide_example.asm
2025-06-04 22:14:52,550 - INFO - Starting code assembly
2025-06-04 22:14:52,551 - INFO - Starting assembly process
2025-06-04 22:14:52,551 - INFO - Assembly complete - Generated 20 bytes of machine code
2025-06-04 22:14:52,552 - INFO - Assembly successful - 20 bytes loaded
2025-06-04 22:14:53,542 - INFO - Starting program execution
2025-06-04 22:16:57,896 - INFO - Initializing 8085 Simulator GUI
2025-06-04 22:16:58,055 - INFO - Memory initialized with 64KB space
2025-06-04 22:16:58,056 - INFO - CPU initialized
2025-06-04 22:16:58,056 - INFO - CPU instruction set initialized
2025-06-04 22:16:58,057 - INFO - Initializing 8085 Assembler
2025-06-04 22:16:58,126 - INFO - GUI initialization complete
2025-06-04 22:16:58,127 - INFO - Starting GUI main loop
2025-06-04 22:17:02,743 - INFO - Loaded assembly code from C:/PEC-26/PROJECTS/simple8085/assembly_programs/divide_example.asm
2025-06-04 22:17:03,732 - INFO - Starting code assembly
2025-06-04 22:17:03,733 - INFO - Starting assembly process
2025-06-04 22:17:03,733 - INFO - Assembly complete - Generated 20 bytes of machine code
2025-06-04 22:17:03,734 - INFO - Assembly successful - 20 bytes loaded
2025-06-04 22:17:05,829 - INFO - Starting program execution
2025-06-04 22:18:15,915 - INFO - Initializing 8085 Simulator GUI
2025-06-04 22:18:16,070 - INFO - Memory initialized with 64KB space
2025-06-04 22:18:16,071 - INFO - CPU initialized
2025-06-04 22:18:16,071 - INFO - CPU instruction set initialized
2025-06-04 22:18:16,072 - INFO - Initializing 8085 Assembler
2025-06-04 22:18:16,139 - INFO - GUI initialization complete
2025-06-04 22:18:16,140 - INFO - Starting GUI main loop
2025-06-04 22:18:24,432 - INFO - Loaded assembly code from C:/PEC-26/PROJECTS/simple8085/assembly_programs/divide_example.asm
2025-06-04 22:18:25,573 - INFO - Starting code assembly
2025-06-04 22:18:25,574 - INFO - Starting assembly process
2025-06-04 22:18:25,575 - INFO - Assembly complete - Generated 20 bytes of machine code
2025-06-04 22:18:25,576 - INFO - Assembly successful - 20 bytes loaded
2025-06-04 22:18:29,019 - INFO - Starting program execution
2025-06-04 22:21:13,883 - INFO - Initializing 8085 Simulator GUI
2025-06-04 22:21:14,044 - INFO - Memory initialized with 64KB space
2025-06-04 22:21:14,045 - INFO - CPU initialized
2025-06-04 22:21:14,045 - INFO - CPU instruction set initialized
2025-06-04 22:21:14,046 - INFO - Initializing 8085 Assembler
2025-06-04 22:21:14,098 - INFO - GUI initialization complete
2025-06-04 22:21:14,099 - INFO - Starting GUI main loop
2025-06-04 22:21:19,227 - INFO - Loaded assembly code from C:/PEC-26/PROJECTS/simple8085/assembly_programs/divide_example.asm
2025-06-04 22:21:20,793 - INFO - Starting code assembly
2025-06-04 22:21:20,794 - INFO - Starting assembly process
2025-06-04 22:21:20,794 - INFO - Assembly complete - Generated 20 bytes of machine code
2025-06-04 22:21:20,795 - INFO - Assembly successful - 20 bytes loaded
2025-06-04 22:21:21,609 - INFO - Starting program execution
2025-06-04 22:23:28,722 - INFO - Initializing 8085 Simulator GUI
2025-06-04 22:23:28,870 - INFO - Memory initialized with 64KB space
2025-06-04 22:23:28,871 - INFO - CPU initialized
2025-06-04 22:23:28,871 - INFO - CPU instruction set initialized
2025-06-04 22:23:28,872 - INFO - Initializing 8085 Assembler
2025-06-04 22:23:28,939 - INFO - GUI initialization complete
2025-06-04 22:23:28,940 - INFO - Starting GUI main loop
2025-06-04 22:24:49,512 - INFO - Loaded assembly code from C:/PEC-26/PROJECTS/simple8085/assembly_programs/divide_example.asm
2025-06-04 22:24:49,823 - INFO - Starting code assembly
2025-06-04 22:24:49,824 - INFO - Starting assembly process
2025-06-04 22:24:49,825 - INFO - Assembly complete - Generated 20 bytes of machine code
2025-06-04 22:24:49,826 - INFO - Assembly successful - 20 bytes loaded
2025-06-04 22:24:50,383 - INFO - Starting program execution
2025-06-04 22:29:40,558 - INFO - Initializing 8085 Simulator GUI
2025-06-04 22:29:40,725 - INFO - Memory initialized with 64KB space
2025-06-04 22:29:40,726 - INFO - CPU initialized
2025-06-04 22:29:40,726 - INFO - CPU instruction set initialized
2025-06-04 22:29:40,727 - INFO - Initializing 8085 Assembler
2025-06-04 22:29:40,806 - INFO - GUI initialization complete
2025-06-04 22:29:40,807 - INFO - Starting GUI main loop
2025-06-04 22:29:43,267 - INFO - Starting code assembly
2025-06-04 22:29:43,267 - INFO - Starting assembly process
2025-06-04 22:29:43,268 - INFO - Assembly complete - Generated 0 bytes of machine code
2025-06-04 22:29:43,268 - INFO - Assembly successful - 0 bytes loaded
2025-06-04 22:29:51,917 - INFO - Loaded assembly code from C:/PEC-26/PROJECTS/simple8085/assembly_programs/divide_example.asm
2025-06-04 22:29:52,371 - INFO - Starting code assembly
2025-06-04 22:29:52,372 - INFO - Starting assembly process
2025-06-04 22:29:52,373 - INFO - Assembly complete - Generated 20 bytes of machine code
2025-06-04 22:29:52,373 - INFO - Assembly successful - 20 bytes loaded
2025-06-04 22:29:53,107 - INFO - Starting program execution
2025-06-04 22:32:07,979 - INFO - Initializing 8085 Simulator GUI
2025-06-04 22:32:08,141 - INFO - Memory initialized with 64KB space
2025-06-04 22:32:08,142 - INFO - CPU initialized
2025-06-04 22:32:08,142 - INFO - CPU instruction set initialized
2025-06-04 22:32:08,143 - INFO - Initializing 8085 Assembler
2025-06-04 22:32:08,216 - INFO - GUI initialization complete
2025-06-04 22:32:08,216 - INFO - Starting GUI main loop
2025-06-04 22:32:26,145 - INFO - Loaded assembly code from C:/PEC-26/PROJECTS/simple8085/assembly_programs/divide_example.asm
2025-06-04 22:32:26,929 - INFO - Starting code assembly
2025-06-04 22:32:26,930 - INFO - Starting assembly process
2025-06-04 22:32:26,931 - INFO - Assembly complete - Generated 20 bytes of machine code
2025-06-04 22:32:26,932 - INFO - Assembly successful - 20 bytes loaded
2025-06-04 22:32:27,681 - INFO - Starting program execution
2025-06-04 22:33:59,770 - INFO - Initializing 8085 Simulator GUI
2025-06-04 22:33:59,933 - INFO - Memory initialized with 64KB space
2025-06-04 22:33:59,934 - INFO - CPU initialized
2025-06-04 22:33:59,935 - INFO - CPU instruction set initialized
2025-06-04 22:33:59,935 - INFO - Initializing 8085 Assembler
2025-06-04 22:33:59,993 - INFO - GUI initialization complete
2025-06-04 22:33:59,994 - INFO - Starting GUI main loop
2025-06-04 22:34:05,980 - INFO - Loaded assembly code from C:/PEC-26/PROJECTS/simple8085/assembly_programs/divide_example.asm
2025-06-04 22:34:07,280 - INFO - Starting code assembly
2025-06-04 22:34:07,281 - INFO - Starting assembly process
2025-06-04 22:34:07,281 - INFO - Assembly complete - Generated 20 bytes of machine code
2025-06-04 22:34:07,282 - INFO - Assembly successful - 20 bytes loaded
2025-06-04 22:34:07,992 - INFO - Starting program execution
2025-06-04 22:34:22,126 - INFO - Initializing 8085 Simulator GUI
2025-06-04 22:34:22,273 - INFO - Memory initialized with 64KB space
2025-06-04 22:34:22,274 - INFO - CPU initialized
2025-06-04 22:34:22,274 - INFO - CPU instruction set initialized
2025-06-04 22:34:22,275 - INFO - Initializing 8085 Assembler
2025-06-04 22:34:22,323 - INFO - GUI initialization complete
2025-06-04 22:34:22,323 - INFO - Starting GUI main loop
2025-06-04 22:34:27,588 - INFO - Loaded assembly code from C:/PEC-26/PROJECTS/simple8085/assembly_programs/addition_example.asm
2025-06-04 22:34:31,199 - INFO - Wrote value 25 to address 9000
2025-06-04 22:34:34,536 - INFO - Wrote value 15 to address 9001
2025-06-04 22:34:35,928 - INFO - Starting code assembly
2025-06-04 22:34:35,928 - INFO - Starting assembly process
2025-06-04 22:34:35,929 - INFO - Assembly complete - Generated 14 bytes of machine code
2025-06-04 22:34:35,929 - INFO - Assembly successful - 14 bytes loaded
2025-06-04 22:34:38,000 - INFO - Starting program execution
2025-06-04 22:34:38,709 - INFO - Program halted
2025-06-04 22:34:40,792 - INFO - Read value 3A from address 9002
2025-06-04 22:34:52,439 - INFO - Loaded assembly code from C:/PEC-26/PROJECTS/simple8085/assembly_programs/subtraction_example.asm
2025-06-04 22:34:53,241 - INFO - Memory reset to zero
2025-06-04 22:34:59,703 - INFO - Read value 00 from address 9000
2025-06-04 22:35:04,071 - INFO - Wrote value 15 to address 9000
2025-06-04 22:35:07,927 - INFO - Wrote value 25 to address 9001
2025-06-04 22:35:08,727 - INFO - Starting code assembly
2025-06-04 22:35:08,728 - INFO - Starting assembly process
2025-06-04 22:35:08,729 - INFO - Assembly complete - Generated 14 bytes of machine code
2025-06-04 22:35:08,729 - INFO - Assembly successful - 14 bytes loaded
2025-06-04 22:35:09,224 - INFO - Starting program execution
2025-06-04 22:35:09,225 - INFO - Program halted
2025-06-04 22:35:11,232 - INFO - Read value 00 from address 9002
2025-06-04 22:35:15,327 - INFO - Resetting CPU
2025-06-04 22:35:15,328 - INFO - CPU initialized
2025-06-04 22:35:15,328 - INFO - CPU instruction set initialized
2025-06-04 22:35:16,751 - INFO - Starting program execution
2025-06-04 22:35:17,459 - INFO - Program halted
2025-06-04 22:35:18,104 - INFO - Read value 10 from address 9002
2025-06-05 09:57:19,418 - INFO - Initializing 8085 Simulator GUI
2025-06-05 09:57:19,510 - INFO - Memory initialized with 64KB space
2025-06-05 09:57:19,510 - INFO - CPU initialized
2025-06-05 09:57:19,510 - INFO - CPU instruction set initialized
2025-06-05 09:57:19,511 - INFO - Initializing 8085 Assembler
2025-06-05 09:57:19,535 - INFO - GUI initialization complete
2025-06-05 09:57:19,535 - INFO - Starting GUI main loop
2025-06-05 09:57:38,309 - INFO - Loaded assembly code from C:/PEC-26/PROJECTS/simple8085/assembly_programs/addition_example.asm
2025-06-05 09:57:50,706 - INFO - Wrote value FF to address 9000
2025-06-05 09:57:57,588 - INFO - Wrote value FF to address 9001
2025-06-05 09:58:00,576 - INFO - Read value 00 from address 9002
2025-06-05 09:58:05,547 - INFO - Read value FF from address 9001
2025-06-05 09:58:09,791 - INFO - Starting code assembly
2025-06-05 09:58:09,793 - INFO - Starting assembly process
2025-06-05 09:58:09,793 - INFO - Assembly complete - Generated 14 bytes of machine code
2025-06-05 09:58:09,794 - INFO - Assembly successful - 14 bytes loaded
2025-06-05 09:58:13,841 - INFO - Starting program execution
2025-06-05 09:58:14,552 - INFO - Program halted
2025-06-05 09:58:53,330 - INFO - Read value FE from address 9002
2025-06-05 09:59:10,825 - INFO - Read value FF from address 9001
2025-06-05 09:59:15,579 - INFO - Wrote value 01 to address 9001
2025-06-05 09:59:17,064 - INFO - Resetting CPU
2025-06-05 09:59:17,065 - INFO - CPU initialized
2025-06-05 09:59:17,066 - INFO - CPU instruction set initialized
2025-06-05 09:59:18,955 - INFO - Starting program execution
2025-06-05 09:59:19,670 - INFO - Program halted
2025-06-05 10:06:26,657 - INFO - Initializing 8085 Simulator GUI
2025-06-05 10:06:26,813 - INFO - Memory initialized with 64KB space
2025-06-05 10:06:26,814 - INFO - CPU initialized
2025-06-05 10:06:26,814 - INFO - CPU instruction set initialized
2025-06-05 10:06:26,815 - INFO - Initializing 8085 Assembler
2025-06-05 10:06:26,871 - INFO - GUI initialization complete
2025-06-05 10:06:26,871 - INFO - Starting GUI main loop
2025-06-05 10:06:39,362 - INFO - Loaded assembly code from C:/PEC-26/PROJECTS/simple8085/assembly_programs/multiplication_example.asm
2025-06-05 10:06:50,114 - INFO - Wrote value 05 to address 9000
2025-06-05 10:06:57,780 - INFO - Wrote value 03 to address 9001
2025-06-05 10:06:59,981 - INFO - Starting program execution
2025-06-05 10:07:04,795 - INFO - Starting code assembly
2025-06-05 10:07:04,796 - INFO - Starting assembly process
2025-06-05 10:07:04,796 - INFO - Assembly complete - Generated 21 bytes of machine code
2025-06-05 10:07:04,797 - INFO - Assembly successful - 21 bytes loaded
2025-06-05 10:07:08,397 - INFO - Stopping program execution
2025-06-05 10:07:08,487 - INFO - Execution stopped by user
2025-06-05 10:07:10,141 - INFO - Resetting CPU
2025-06-05 10:07:10,142 - INFO - CPU initialized
2025-06-05 10:07:10,142 - INFO - CPU instruction set initialized
2025-06-05 10:07:12,872 - INFO - Starting program execution
2025-06-05 10:07:14,599 - INFO - Program halted
2025-06-05 10:07:23,527 - INFO - Loaded assembly code from C:/PEC-26/PROJECTS/simple8085/assembly_programs/divide_example.asm
2025-06-05 10:07:34,813 - INFO - Read value 05 from address 9000
2025-06-05 10:07:37,115 - INFO - Starting code assembly
2025-06-05 10:07:37,116 - INFO - Starting assembly process
2025-06-05 10:07:37,117 - INFO - Assembly complete - Generated 20 bytes of machine code
2025-06-05 10:07:37,117 - INFO - Assembly successful - 20 bytes loaded
2025-06-05 10:07:41,505 - INFO - Memory reset to zero
2025-06-05 10:07:43,911 - INFO - Starting code assembly
2025-06-05 10:07:43,912 - INFO - Starting assembly process
2025-06-05 10:07:43,912 - INFO - Assembly complete - Generated 20 bytes of machine code
2025-06-05 10:07:43,913 - INFO - Assembly successful - 20 bytes loaded
2025-06-05 10:07:51,355 - INFO - Resetting CPU
2025-06-05 10:07:51,355 - INFO - CPU initialized
2025-06-05 10:07:51,356 - INFO - CPU instruction set initialized
2025-06-05 10:07:55,586 - INFO - Starting program execution
2025-06-05 10:07:58,922 - INFO - Program halted
2025-06-05 10:08:19,162 - INFO - Wrote value 14 to address 9000
2025-06-05 10:08:23,957 - INFO - Read value 00 from address 9001
2025-06-05 10:08:29,879 - INFO - Wrote value 04 to address 9001
2025-06-05 10:08:31,461 - INFO - Starting code assembly
2025-06-05 10:08:31,463 - INFO - Starting assembly process
2025-06-05 10:08:31,463 - INFO - Assembly complete - Generated 20 bytes of machine code
2025-06-05 10:08:31,463 - INFO - Assembly successful - 20 bytes loaded
2025-06-05 10:08:34,624 - INFO - Resetting CPU
2025-06-05 10:08:34,625 - INFO - CPU initialized
2025-06-05 10:08:34,625 - INFO - CPU instruction set initialized
2025-06-05 10:08:58,143 - INFO - Starting code assembly
2025-06-05 10:08:58,145 - INFO - Starting assembly process
2025-06-05 10:08:58,145 - INFO - Assembly complete - Generated 20 bytes of machine code
2025-06-05 10:08:58,146 - INFO - Assembly successful - 20 bytes loaded
2025-06-05 10:08:59,481 - INFO - Starting code assembly
2025-06-05 10:08:59,481 - INFO - Starting assembly process
2025-06-05 10:08:59,482 - INFO - Assembly complete - Generated 20 bytes of machine code
2025-06-05 10:08:59,483 - INFO - Assembly successful - 20 bytes loaded
2025-06-05 10:08:59,708 - INFO - Starting code assembly
2025-06-05 10:08:59,709 - INFO - Starting assembly process
2025-06-05 10:08:59,710 - INFO - Assembly complete - Generated 20 bytes of machine code
2025-06-05 10:08:59,710 - INFO - Assembly successful - 20 bytes loaded
2025-06-05 10:09:02,139 - INFO - Memory reset to zero
2025-06-05 10:09:04,345 - INFO - Starting code assembly
2025-06-05 10:09:04,346 - INFO - Starting assembly process
2025-06-05 10:09:04,347 - INFO - Assembly complete - Generated 20 bytes of machine code
2025-06-05 10:09:04,347 - INFO - Assembly successful - 20 bytes loaded
2025-06-05 10:09:07,942 - INFO - Starting program execution
2025-06-05 10:09:11,219 - INFO - Resetting CPU
2025-06-05 10:09:11,220 - INFO - CPU initialized
2025-06-05 10:09:11,220 - INFO - CPU instruction set initialized
2025-06-05 10:09:11,285 - INFO - Execution stopped by user
2025-06-05 10:09:13,751 - INFO - Starting program execution
2025-06-05 10:09:15,067 - INFO - Program halted
2025-06-05 10:09:31,587 - INFO - Initializing 8085 Simulator GUI
2025-06-05 10:09:31,742 - INFO - Memory initialized with 64KB space
2025-06-05 10:09:31,743 - INFO - CPU initialized
2025-06-05 10:09:31,744 - INFO - CPU instruction set initialized
2025-06-05 10:09:31,744 - INFO - Initializing 8085 Assembler
2025-06-05 10:09:31,790 - INFO - GUI initialization complete
2025-06-05 10:09:31,791 - INFO - Starting GUI main loop
2025-06-05 10:09:39,659 - INFO - Loaded assembly code from C:/PEC-26/PROJECTS/simple8085/assembly_programs/subtraction_example.asm
2025-06-05 10:09:45,299 - INFO - Wrote value 15 to address 9000
2025-06-05 10:09:51,966 - INFO - Wrote value 15 to address 9001
2025-06-05 10:09:59,347 - INFO - Wrote value 25 to address 9001
2025-06-05 10:10:14,920 - INFO - Starting code assembly
2025-06-05 10:10:14,920 - INFO - Starting assembly process
2025-06-05 10:10:14,921 - INFO - Assembly complete - Generated 14 bytes of machine code
2025-06-05 10:10:14,921 - INFO - Assembly successful - 14 bytes loaded
2025-06-05 10:10:44,297 - INFO - Starting program execution
2025-06-05 10:10:45,007 - INFO - Program halted
2025-06-05 10:10:53,542 - INFO - Read value 10 from address 9002
2025-06-05 10:28:39,974 - INFO - Initializing 8085 Simulator GUI
2025-06-05 10:28:40,145 - INFO - Memory initialized with 64KB space
2025-06-05 10:28:40,146 - INFO - CPU initialized
2025-06-05 10:28:40,146 - INFO - CPU instruction set initialized
2025-06-05 10:28:40,147 - INFO - Initializing 8085 Assembler
2025-06-05 10:28:40,227 - INFO - GUI initialization complete
2025-06-05 10:28:40,233 - INFO - Starting GUI main loop
